<?xml version="1.0" encoding="UTF-8"?>
<!-- Generated by org.testng.reporters.JUnitReportReporter -->
<testsuite hostname="hugovm13" failures="0" tests="2" name="api.test.UserTests" time="3.104" errors="0" timestamp="2023-07-13T22:20:22 IST" skipped="0">
  <testcase classname="api.test.UserTests" name="testPostUser" time="2.869"/>
  <testcase classname="api.test.UserTests" name="testGetUser" time="0.235"/>
</testsuite> <!-- api.test.UserTests -->
