<?xml version="1.0" encoding="UTF-8"?>
<!-- Generated by org.testng.reporters.JUnitReportReporter -->
<testsuite hostname="hugovm13" failures="0" tests="2" name="api.test.UserTests" time="3.004" errors="0" timestamp="2023-07-10T21:22:47 IST" skipped="0">
  <testcase classname="api.test.UserTests" name="testPostUser" time="2.771"/>
  <testcase classname="api.test.UserTests" name="testGetUser" time="0.233"/>
</testsuite> <!-- api.test.UserTests -->
